<?xml version="1.0" encoding="UTF-8"?>
<testng-results ignored="0" total="2" passed="2" failed="0" skipped="0">
  <reporter-output>
    <line>
      <![CDATA[launch browser successfully....]]>
    </line>
    <line>
      <![CDATA[launch browser successfully....]]>
    </line>
    <line>
      <![CDATA[Browser title dispay successfully .....]]>
    </line>
  </reporter-output>
  <suite started-at="2022-06-07T16:41:57 IST" name="Default suite" finished-at="2022-06-07T16:42:20 IST" duration-ms="23377">
    <groups>
    </groups>
    <test started-at="2022-06-07T16:41:57 IST" name="Default test" finished-at="2022-06-07T16:42:20 IST" duration-ms="23377">
      <class name="comTest.LoginTest">
        <test-method is-config="true" signature="setup()[pri:0, instance:comTest.LoginTest@5ba3f27a]" started-at="2022-06-07T16:41:57 IST" name="setup" finished-at="2022-06-07T16:42:09 IST" duration-ms="12419" status="PASS">
          <reporter-output>
            <line>
              <![CDATA[launch browser successfully....]]>
            </line>
          </reporter-output>
        </test-method> <!-- setup -->
        <test-method signature="freeCrmLogoTest()[pri:0, instance:comTest.LoginTest@5ba3f27a]" started-at="2022-06-07T16:42:09 IST" name="freeCrmLogoTest" finished-at="2022-06-07T16:42:09 IST" duration-ms="378" status="PASS">
          <reporter-output>
          </reporter-output>
        </test-method> <!-- freeCrmLogoTest -->
        <test-method is-config="true" signature="testclose()[pri:0, instance:comTest.LoginTest@5ba3f27a]" started-at="2022-06-07T16:42:09 IST" name="testclose" finished-at="2022-06-07T16:42:10 IST" duration-ms="1005" status="PASS">
          <reporter-output>
          </reporter-output>
        </test-method> <!-- testclose -->
        <test-method is-config="true" signature="setup()[pri:0, instance:comTest.LoginTest@5ba3f27a]" started-at="2022-06-07T16:42:10 IST" name="setup" finished-at="2022-06-07T16:42:19 IST" duration-ms="8496" status="PASS">
          <reporter-output>
            <line>
              <![CDATA[launch browser successfully....]]>
            </line>
          </reporter-output>
        </test-method> <!-- setup -->
        <test-method signature="freeCrmTitleTest()[pri:0, instance:comTest.LoginTest@5ba3f27a]" started-at="2022-06-07T16:42:19 IST" name="freeCrmTitleTest" finished-at="2022-06-07T16:42:19 IST" duration-ms="74" status="PASS">
          <reporter-output>
            <line>
              <![CDATA[Browser title dispay successfully .....]]>
            </line>
          </reporter-output>
        </test-method> <!-- freeCrmTitleTest -->
        <test-method is-config="true" signature="testclose()[pri:0, instance:comTest.LoginTest@5ba3f27a]" started-at="2022-06-07T16:42:19 IST" name="testclose" finished-at="2022-06-07T16:42:20 IST" duration-ms="921" status="PASS">
          <reporter-output>
          </reporter-output>
        </test-method> <!-- testclose -->
      </class> <!-- comTest.LoginTest -->
    </test> <!-- Default test -->
  </suite> <!-- Default suite -->
</testng-results>
